nohup: iss.py: No such file or directory
Traceback (most recent call last):
  File "/Users/ashar/Documents/iss/./iss.py", line 4, in <module>
    import folium
ModuleNotFoundError: No module named 'folium'
[{'latitude': -51.596, 'longitude': 158.818}, {'latitude': -51.5928, 'longitude': 158.9675}, {'latitude': -51.5905, 'longitude': 159.0672}, {'latitude': -51.587, 'longitude': 159.2167}, {'latitude': -51.5832, 'longitude': 159.3661}, {'latitude': -51.5793, 'longitude': 159.5154}, {'latitude': -51.5751, 'longitude': 159.6648}, {'latitude': -51.5708, 'longitude': 159.8141}, {'latitude': -51.5662, 'longitude': 159.9634}, {'latitude': -51.5614, 'longitude': 160.1127}, {'latitude': -51.5581, 'longitude': 160.2122}, {'latitude': -51.5158, 'longitude': 161.3056}, {'latitude': -51.5091, 'longitude': 161.4545}, {'latitude': -51.5023, 'longitude': 161.6034}, {'latitude': -51.4953, 'longitude': 161.7522}, {'latitude': -51.488, 'longitude': 161.901}, {'latitude': -51.4806, 'longitude': 162.0497}, {'latitude': -51.4729, 'longitude': 162.1985}, {'latitude': -51.4677, 'longitude': 162.2975}, {'latitude': -51.4597, 'longitude': 162.4462}, {'latitude': -51.4515, 'longitude': 162.5947}, {'latitude': -51.4403, 'longitude': 162.7926}, {'latitude': -51.4345, 'longitude': 162.8916}, {'latitude': -51.4257, 'longitude': 163.0399}, {'latitude': -51.4167, 'longitude': 163.1882}, {'latitude': -51.4075, 'longitude': 163.3364}, {'latitude': -51.3981, 'longitude': 163.4846}, {'latitude': -51.3885, 'longitude': 163.6327}, {'latitude': -51.3786, 'longitude': 163.7808}, {'latitude': -51.3686, 'longitude': 163.9287}, {'latitude': -51.3584, 'longitude': 164.0767}, {'latitude': -51.3479, 'longitude': 164.2246}, {'latitude': -51.3373, 'longitude': 164.3724}, {'latitude': -51.3265, 'longitude': 164.5201}, {'latitude': -51.3154, 'longitude': 164.6677}, {'latitude': -51.3042, 'longitude': 164.8153}, {'latitude': -51.2927, 'longitude': 164.9627}, {'latitude': -51.2811, 'longitude': 165.1101}, {'latitude': -51.2692, 'longitude': 165.2575}, {'latitude': -51.2572, 'longitude': 165.4047}, {'latitude': -51.2449, 'longitude': 165.5519}, {'latitude': -51.2283, 'longitude': 165.748}, {'latitude': -51.2156, 'longitude': 165.8949}, {'latitude': -51.2027, 'longitude': 166.0418}, {'latitude': -51.1896, 'longitude': 166.1886}, {'latitude': -51.1627, 'longitude': 166.4818}, {'latitude': -51.149, 'longitude': 166.6284}, {'latitude': -51.1398, 'longitude': 166.726}, {'latitude': -51.1257, 'longitude': 166.8724}, {'latitude': -51.1115, 'longitude': 167.0186}, {'latitude': -51.097, 'longitude': 167.1648}, {'latitude': -51.0824, 'longitude': 167.3109}, {'latitude': -51.0676, 'longitude': 167.4569}, {'latitude': -51.0525, 'longitude': 167.6028}, {'latitude': -51.0373, 'longitude': 167.7486}, {'latitude': -51.0218, 'longitude': 167.8943}, {'latitude': -51.001, 'longitude': 168.0884}, {'latitude': -50.9851, 'longitude': 168.2338}, {'latitude': -50.969, 'longitude': 168.3791}, {'latitude': -50.9527, 'longitude': 168.5243}, {'latitude': -50.9362, 'longitude': 168.6694}, {'latitude': -50.9196, 'longitude': 168.8144}, {'latitude': -50.9027, 'longitude': 168.9594}, {'latitude': -50.8856, 'longitude': 169.1042}, {'latitude': -50.8626, 'longitude': 169.297}, {'latitude': -50.845, 'longitude': 169.4416}, {'latitude': -50.8214, 'longitude': 169.6341}, {'latitude': -50.8034, 'longitude': 169.7784}, {'latitude': -50.7852, 'longitude': 169.9225}, {'latitude': -50.7607, 'longitude': 170.1145}, {'latitude': -50.7421, 'longitude': 170.2584}, {'latitude': -50.7233, 'longitude': 170.4022}, {'latitude': -50.6979, 'longitude': 170.5937}, {'latitude': -50.6786, 'longitude': 170.7372}, {'latitude': -50.6526, 'longitude': 170.9283}, {'latitude': -50.6329, 'longitude': 171.0715}, {'latitude': -50.6063, 'longitude': 171.2622}, {'latitude': -50.4181, 'longitude': 172.5432}, {'latitude': -50.3963, 'longitude': 172.6849}, {'latitude': -50.3742, 'longitude': 172.8265}, {'latitude': -50.352, 'longitude': 172.9679}, {'latitude': -50.3296, 'longitude': 173.1092}, {'latitude': -50.307, 'longitude': 173.2503}, {'latitude': -50.2842, 'longitude': 173.3913}, {'latitude': -50.2612, 'longitude': 173.5321}, {'latitude': -50.238, 'longitude': 173.6728}, {'latitude': -23.1114, 'longitude': -137.1177}, {'latitude': -23.0638, 'longitude': -137.0745}, {'latitude': -22.9923, 'longitude': -137.0099}, {'latitude': -22.9207, 'longitude': -136.9453}, {'latitude': -20.9535, 'longitude': -135.208}, {'latitude': -20.8811, 'longitude': -135.1454}, {'latitude': -20.8087, 'longitude': -135.0829}, {'latitude': -20.7362, 'longitude': -135.0205}, {'latitude': -20.6638, 'longitude': -134.9581}, {'latitude': -20.5913, 'longitude': -134.8958}, {'latitude': -20.5188, 'longitude': -134.8335}, {'latitude': -20.4462, 'longitude': -134.7713}, {'latitude': -20.3495, 'longitude': -134.6885}, {'latitude': -20.2769, 'longitude': -134.6265}, {'latitude': -20.2042, 'longitude': -134.5646}, {'latitude': -20.1316, 'longitude': -134.5027}, {'latitude': -20.0589, 'longitude': -134.4408}, {'latitude': -19.9619, 'longitude': -134.3584}, {'latitude': -19.8892, 'longitude': -134.2968}, {'latitude': -19.8164, 'longitude': -134.2351}, {'latitude': -19.7193, 'longitude': -134.153}, {'latitude': -19.6465, 'longitude': -134.0915}]
-19.6222 -134.0711
Saved iss_data to iss_data.json
-19.5493 -134.0097
Saved iss_data to iss_data.json
-19.4764 -133.9483
Saved iss_data to iss_data.json
-19.4035 -133.887
Saved iss_data to iss_data.json
-19.3306 -133.8258
Saved iss_data to iss_data.json
-19.2576 -133.7646
Saved iss_data to iss_data.json
-19.1846 -133.7035
Saved iss_data to iss_data.json
-19.1116 -133.6425
Saved iss_data to iss_data.json
-19.0385 -133.5815
Saved iss_data to iss_data.json
-18.9654 -133.5205
Saved iss_data to iss_data.json
-18.8923 -133.4597
Saved iss_data to iss_data.json
-18.8192 -133.3988
Saved iss_data to iss_data.json
-18.7216 -133.3178
Saved iss_data to iss_data.json
-18.6485 -133.2572
Saved iss_data to iss_data.json
-18.5509 -133.1764
Saved iss_data to iss_data.json
-18.4777 -133.1158
Saved iss_data to iss_data.json
-18.4044 -133.0553
Saved iss_data to iss_data.json
-18.3311 -132.9949
Saved iss_data to iss_data.json
-18.2334 -132.9145
Saved iss_data to iss_data.json
-18.1356 -132.8341
Saved iss_data to iss_data.json
-18.0623 -132.7739
Saved iss_data to iss_data.json
-17.9644 -132.6936
Saved iss_data to iss_data.json
-17.8665 -132.6135
Saved iss_data to iss_data.json
-17.7686 -132.5335
Saved iss_data to iss_data.json
-17.6706 -132.4536
Saved iss_data to iss_data.json
-17.5726 -132.3738
Saved iss_data to iss_data.json
-17.4991 -132.314
Saved iss_data to iss_data.json
-17.401 -132.2344
Saved iss_data to iss_data.json
-17.3029 -132.1548
Saved iss_data to iss_data.json
-17.2047 -132.0753
Saved iss_data to iss_data.json
-17.1065 -131.996
Saved iss_data to iss_data.json
-17.0083 -131.9167
Saved iss_data to iss_data.json
-16.91 -131.8375
Saved iss_data to iss_data.json
-16.8117 -131.7584
Saved iss_data to iss_data.json
-16.7134 -131.6794
Saved iss_data to iss_data.json
-16.615 -131.6005
Saved iss_data to iss_data.json
-16.5166 -131.5217
Saved iss_data to iss_data.json
-16.3935 -131.4232
Saved iss_data to iss_data.json
-16.295 -131.3446
Saved iss_data to iss_data.json
-16.1964 -131.2661
Saved iss_data to iss_data.json
-16.0732 -131.168
Saved iss_data to iss_data.json
-15.9746 -131.0897
Saved iss_data to iss_data.json
-15.8759 -131.0114
Saved iss_data to iss_data.json
-15.7526 -130.9137
Saved iss_data to iss_data.json
-15.6539 -130.8357
Saved iss_data to iss_data.json
-15.5304 -130.7382
Saved iss_data to iss_data.json
-15.4068 -130.6407
Saved iss_data to iss_data.json
-15.3079 -130.563
Saved iss_data to iss_data.json
-15.1843 -130.4659
Saved iss_data to iss_data.json
-15.0606 -130.3689
Saved iss_data to iss_data.json
-14.9369 -130.272
Saved iss_data to iss_data.json
-14.8132 -130.1753
Saved iss_data to iss_data.json
-14.6893 -130.0786
Saved iss_data to iss_data.json
-14.5655 -129.9821
Saved iss_data to iss_data.json
-14.4416 -129.8857
Saved iss_data to iss_data.json
-14.3176 -129.7895
Saved iss_data to iss_data.json
-14.1936 -129.6933
Saved iss_data to iss_data.json
-14.0695 -129.5973
Saved iss_data to iss_data.json
-13.9454 -129.5014
Saved iss_data to iss_data.json
-13.7964 -129.3864
Saved iss_data to iss_data.json
-13.6722 -129.2908
Saved iss_data to iss_data.json
-13.5231 [{'latitude': -51.596, 'longitude': 158.818}, {'latitude': -51.5928, 'longitude': 158.9675}, {'latitude': -51.5905, 'longitude': 159.0672}, {'latitude': -51.587, 'longitude': 159.2167}, {'latitude': -51.5832, 'longitude': 159.3661}, {'latitude': -51.5793, 'longitude': 159.5154}, {'latitude': -51.5751, 'longitude': 159.6648}, {'latitude': -51.5708, 'longitude': 159.8141}, {'latitude': -51.5662, 'longitude': 159.9634}, {'latitude': -51.5614, 'longitude': 160.1127}, {'latitude': -51.5581, 'longitude': 160.2122}, {'latitude': -51.5158, 'longitude': 161.3056}, {'latitude': -51.5091, 'longitude': 161.4545}, {'latitude': -51.5023, 'longitude': 161.6034}, {'latitude': -51.4953, 'longitude': 161.7522}, {'latitude': -51.488, 'longitude': 161.901}, {'latitude': -51.4806, 'longitude': 162.0497}, {'latitude': -51.4729, 'longitude': 162.1985}, {'latitude': -51.4677, 'longitude': 162.2975}, {'latitude': -51.4597, 'longitude': 162.4462}, {'latitude': -51.4515, 'longitude': 162.5947}, {'latitude': -51.4403, 'longitude': 162.7926}, {'latitude': -51.4345, 'longitude': 162.8916}, {'latitude': -51.4257, 'longitude': 163.0399}, {'latitude': -51.4167, 'longitude': 163.1882}, {'latitude': -51.4075, 'longitude': 163.3364}, {'latitude': -51.3981, 'longitude': 163.4846}, {'latitude': -51.3885, 'longitude': 163.6327}, {'latitude': -51.3786, 'longitude': 163.7808}, {'latitude': -51.3686, 'longitude': 163.9287}, {'latitude': -51.3584, 'longitude': 164.0767}, {'latitude': -51.3479, 'longitude': 164.2246}, {'latitude': -51.3373, 'longitude': 164.3724}, {'latitude': -51.3265, 'longitude': 164.5201}, {'latitude': -51.3154, 'longitude': 164.6677}, {'latitude': -51.3042, 'longitude': 164.8153}, {'latitude': -51.2927, 'longitude': 164.9627}, {'latitude': -51.2811, 'longitude': 165.1101}, {'latitude': -51.2692, 'longitude': 165.2575}, {'latitude': -51.2572, 'longitude': 165.4047}, {'latitude': -51.2449, 'longitude': 165.5519}, {'latitude': -51.2283, 'longitude': 165.748}, {'latitude': -51.2156, 'longitude': 165.8949}, {'latitude': -51.2027, 'longitude': 166.0418}, {'latitude': -51.1896, 'longitude': 166.1886}, {'latitude': -51.1627, 'longitude': 166.4818}, {'latitude': -51.149, 'longitude': 166.6284}, {'latitude': -51.1398, 'longitude': 166.726}, {'latitude': -51.1257, 'longitude': 166.8724}, {'latitude': -51.1115, 'longitude': 167.0186}, {'latitude': -51.097, 'longitude': 167.1648}, {'latitude': -51.0824, 'longitude': 167.3109}, {'latitude': -51.0676, 'longitude': 167.4569}, {'latitude': -51.0525, 'longitude': 167.6028}, {'latitude': -51.0373, 'longitude': 167.7486}, {'latitude': -51.0218, 'longitude': 167.8943}, {'latitude': -51.001, 'longitude': 168.0884}, {'latitude': -50.9851, 'longitude': 168.2338}, {'latitude': -50.969, 'longitude': 168.3791}, {'latitude': -50.9527, 'longitude': 168.5243}, {'latitude': -50.9362, 'longitude': 168.6694}, {'latitude': -50.9196, 'longitude': 168.8144}, {'latitude': -50.9027, 'longitude': 168.9594}, {'latitude': -50.8856, 'longitude': 169.1042}, {'latitude': -50.8626, 'longitude': 169.297}, {'latitude': -50.845, 'longitude': 169.4416}, {'latitude': -50.8214, 'longitude': 169.6341}, {'latitude': -50.8034, 'longitude': 169.7784}, {'latitude': -50.7852, 'longitude': 169.9225}, {'latitude': -50.7607, 'longitude': 170.1145}, {'latitude': -50.7421, 'longitude': 170.2584}, {'latitude': -50.7233, 'longitude': 170.4022}, {'latitude': -50.6979, 'longitude': 170.5937}, {'latitude': -50.6786, 'longitude': 170.7372}, {'latitude': -50.6526, 'longitude': 170.9283}, {'latitude': -50.6329, 'longitude': 171.0715}, {'latitude': -50.6063, 'longitude': 171.2622}, {'latitude': -50.4181, 'longitude': 172.5432}, {'latitude': -50.3963, 'longitude': 172.6849}, {'latitude': -50.3742, 'longitude': 172.8265}, {'latitude': -50.352, 'longitude': 172.9679}, {'latitude': -50.3296, 'longitude': 173.1092}, {'latitude': -50.307, 'longitude': 173.2503}, {'latitude': -50.2842, 'longitude': 173.3913}, {'latitude': -50.2612, 'longitude': 173.5321}, {'latitude': -50.238, 'longitude': 173.6728}, {'latitude': -23.1114, 'longitude': -137.1177}, {'latitude': -23.0638, 'longitude': -137.0745}, {'latitude': -22.9923, 'longitude': -137.0099}, {'latitude': -22.9207, 'longitude': -136.9453}]
-20.9535 -135.208
Saved iss_data to iss_data.json
-20.8811 -135.1454
Saved iss_data to iss_data.json
-20.8087 -135.0829
Saved iss_data to iss_data.json
-20.7362 -135.0205
Saved iss_data to iss_data.json
-20.6638 -134.9581
Saved iss_data to iss_data.json
-20.5913 -134.8958
Saved iss_data to iss_data.json
-20.5188 -134.8335
Saved iss_data to iss_data.json
-20.4462 -134.7713
Saved iss_data to iss_data.json
-20.3495 -134.6885
Saved iss_data to iss_data.json
-20.2769 -134.6265
Saved iss_data to iss_data.json
-20.2042 -134.5646
Saved iss_data to iss_data.json
-20.1316 -134.5027
Saved iss_data to iss_data.json
-20.0589 -134.4408
Saved iss_data to iss_data.json
-19.9619 -134.3584
Saved iss_data to iss_data.json
-19.8892 -134.2968
Saved iss_data to iss_data.json
-19.8164 -134.2351
Saved iss_data to iss_data.json
-19.7193 -134.153
Saved iss_data to iss_data.json
-19.6465 -134.0915
Saved iss_data to iss_data.json
-19.5736 -134.0301
Saved iss_data to iss_data.json
-19.4764 -133.9483
Saved iss_data to iss_data.json
-19.4035 -133.887
Saved iss_data to iss_data.json
-19.3062 -133.8054
Saved iss_data to iss_data.json
-19.2333 -133.7443
Saved iss_data to iss_data.json
-19.1359 -133.6628
Saved iss_data to iss_data.json
-19.0629 -133.6018
Saved iss_data to iss_data.json
-18.9654 -133.5205
Saved iss_data to iss_data.json
-18.868 -133.4394
Saved iss_data to iss_data.json
-18.7948 -133.3786
Saved iss_data to iss_data.json
-18.6973 -133.2976
Saved iss_data to iss_data.json
-18.5997 -133.2168
Saved iss_data to iss_data.json
-18.5021 -133.136
Saved iss_data to iss_data.json
-18.4288 -133.0755
Saved iss_data to iss_data.json
-18.3311 -132.9949
Saved iss_data to iss_data.json
-18.2334 -132.9145
Saved iss_data to iss_data.json
-18.1356 -132.8341
Saved iss_data to iss_data.json
-18.0378 -132.7538
Saved iss_data to iss_data.json
-17.9399 -132.6736
Saved iss_data to iss_data.json
-17.842 -132.5935
Saved iss_data to iss_data.json
-17.7441 -132.5135
Saved iss_data to iss_data.json
-17.6461 -132.4337
Saved iss_data to iss_data.json
-17.5481 -132.3539
Saved iss_data to iss_data.json
-17.4255 -132.2543
Saved iss_data to iss_data.json
-17.3274 -132.1747
Saved iss_data to iss_data.json
-17.2293 -132.0952
Saved iss_data to iss_data.json
-17.1065 -131.996
Saved iss_data to iss_data.json
-17.0083 -131.9167
Saved iss_data to iss_data.json
-16.91 -131.8375
Saved iss_data to iss_data.json
-16.7872 -131.7387
Saved iss_data to iss_data.json
-16.6888 -131.6597
Saved iss_data to iss_data.json
-16.5658 -131.5611
Saved iss_data to iss_data.json
-16.4673 -131.4823
Saved iss_data to iss_data.json
-16.3442 -131.3839
Saved iss_data to iss_data.json
-16.2211 -131.2857
Saved iss_data to iss_data.json
-16.1225 -131.2072
Saved iss_data to iss_data.json
-15.9993 -131.1093
Saved iss_data to iss_data.json
-15.8759 -131.0114
Saved iss_data to iss_data.json
-15.7526 -130.9137
Saved iss_data to iss_data.json
-15.6292 -130.8161
Saved iss_data to iss_data.json
-15.5057 -130.7187
Saved iss_data to iss_data.json
-15.3821 -130.6213
Saved iss_data to iss_data.json
-15.2585 -130.5241
Saved iss_data to iss_data.json
-15.1596 -130.4464
Saved iss_data to iss_data.json
-15.0111 -130.3301
Saved iss_data to iss_data.json
-14.8874 -130.2333
Saved iss_data to iss_data.json
-14.7636 -130.1366
Saved iss_data to iss_data.json
-14.6398 -130.04
Saved iss_data to iss_data.json
-14.5159 -129.9435
Saved iss_data to iss_data.json
-14.3672 -129.828
Saved iss_data to iss_data.json
-14.2432 -129.7318
Saved iss_data to iss_data.json
-14.0943 -129.6165
Saved iss_data to iss_data.json
-13.9454 -129.5014
Saved iss_data to iss_data.json
-13.8212 -129.4056
Saved iss_data to iss_data.json
-13.6722 -129.2908
Saved iss_data to iss_data.json
-13.5231 -129.1761
Saved iss_data to iss_data.json
-13.3739 -129.0616
Saved iss_data to iss_data.json
-13.2246 -128.9473
Saved iss_data to iss_data.json
-13.1002 -128.8521
Saved iss_data to iss_data.json
-12.9509 -128.7381
Saved iss_data to iss_data.json
-129.1761
Saved iss_data to iss_data.json
-13.3987 -129.0807
Saved iss_data to iss_data.json
-13.2495 -128.9663
Saved iss_data to iss_data.json
-13.1251 -128.8712
Saved iss_data to iss_data.json
-12.9758 -128.7571
Saved iss_data to iss_data.json
-12.8264 -128.6432
Saved iss_data to iss_data.json
-12.6769 -128.5294
Saved iss_data to iss_data.json
-12.5274 -128.4158
Saved iss_data to iss_data.json
-12.3778 -128.3023
Saved iss_data to iss_data.json
-12.2281 -128.189
Saved iss_data to iss_data.json
-12.0785 -128.0758
Saved iss_data to iss_data.json
-11.9287 -127.9628
Saved iss_data to iss_data.json
-11.7539 -127.831
Saved iss_data to iss_data.json
-11.604 -127.7183
Saved iss_data to iss_data.json
-11.454 -127.6056
Saved iss_data to iss_data.json
-11.304 -127.4931
Saved iss_data to iss_data.json
-11.129 -127.3621
Saved iss_data to iss_data.json
-10.9789 -127.2498
Saved iss_data to iss_data.json
-10.8287 -127.1378
Saved iss_data to iss_data.json
-10.6535 -127.0072
Saved iss_data to iss_data.json
-10.4782 -126.8767
Saved iss_data to iss_data.json
-10.3278 -126.7651
Saved iss_data to iss_data.json
-10.1524 -126.6349
Saved iss_data to iss_data.json
-9.9769 -126.5049
Saved iss_data to iss_data.json
-9.8013 -126.3751
Saved iss_data to iss_data.json
-9.6257 -126.2454
Saved iss_data to iss_data.json
-9.45 -126.1159
Saved iss_data to iss_data.json
-9.2742 -125.9865
Saved iss_data to iss_data.json
-9.0984 -125.8573
Saved iss_data to iss_data.json
-8.9225 -125.7282
Saved iss_data to iss_data.json
-8.7215 -125.5808
Saved iss_data to iss_data.json
-8.5455 -125.452
Saved iss_data to iss_data.json
-8.3443 -125.305
Saved iss_data to iss_data.json
-8.1682 -125.1765
Saved iss_data to iss_data.json
-7.9669 -125.0297
Saved iss_data to iss_data.json
-7.7655 -124.8832
Saved iss_data to iss_data.json
-7.564 -124.7367
Saved iss_data to iss_data.json
-7.3625 -124.5905
Saved iss_data to iss_data.json
-7.1609 -124.4444
Saved iss_data to iss_data.json
-6.9593 -124.2984
Saved iss_data to iss_data.json
-6.7324 -124.1343
Saved iss_data to iss_data.json
-6.5306 -123.9886
Saved iss_data to iss_data.json
-6.3288 -123.8431
Saved iss_data to iss_data.json
-6.1017 -123.6795
Saved iss_data to iss_data.json
-5.8998 -123.5342
Saved iss_data to iss_data.json
-5.6725 -123.3708
Saved iss_data to iss_data.json
-5.4452 -123.2077
Saved iss_data to iss_data.json
-5.2431 -123.0627
Saved iss_data to iss_data.json
-5.0158 -122.8998
Saved iss_data to iss_data.json
-4.7883 -122.737
Saved iss_data to iss_data.json
-4.5861 -122.5924
Saved iss_data to iss_data.json
-4.3586 -122.4298
Saved iss_data to iss_data.json
-4.131 -122.2674
Saved iss_data to iss_data.json
-3.9034 -122.105
Saved iss_data to iss_data.json
-3.6757 -121.9427
Saved iss_data to iss_data.json
-3.448 -121.7805
Saved iss_data to iss_data.json
-3.195 -121.6005
Saved iss_data to iss_data.json
-2.9672 -121.4384
Saved iss_data to iss_data.json
-2.714 -121.2584
Saved iss_data to iss_data.json
-2.4861 -121.0966
Saved iss_data to iss_data.json
-2.233 -120.9168
Saved iss_data to iss_data.json
-1.9798 -120.7371
Saved iss_data to iss_data.json
-1.7265 -120.5575
Saved iss_data to iss_data.json
-1.4733 -120.3779
Saved iss_data to iss_data.json
-1.22 -120.1983
Saved iss_data to iss_data.json
-0.9413 -120.0008
Saved iss_data to iss_data.json
-0.688 -119.8214
Saved iss_data to iss_data.json
-0.4347 -119.6419
Saved iss_data to iss_data.json
-0.156 -119.4445
Saved iss_data to iss_data.json
0.1226 -119.2471
Saved iss_data to iss_data.json
0.4014 -119.0497
Saved iss_data to iss_data.json
0.6801 -118.8523
Saved iss_data to iss_data.json
0.9587 -118.6548
Saved iss_data to iss_data.json
1.2373 -118.4574
Saved iss_data to iss_data.json
1.516 -118.2598
Saved iss_data to iss_data.json
1.7946 -118.0622
Saved iss_data to iss_data.json
2.0732 -117.8646
Saved iss_data to iss_data.json
2.3518 -117.6668
Saved iss_data to iss_data.json
2.6303 -117.469
Saved iss_data to iss_data.json
2.9088 -117.2711
Saved iss_data to iss_data.json
3.1873 -117.073
Saved iss_data to iss_data.json
3.4657 -116.8748
Saved iss_data to iss_data.json
3.7441 -116.6765
Saved iss_data to iss_data.json
4.0477 -116.46
Saved iss_data to iss_data.json
4.326 -116.2614
Saved iss_data to iss_data.json
4.6294 -116.0446
Saved iss_data to iss_data.json
4.9075 -115.8456
Saved iss_data to iss_data.json
5.2108 -115.6284
Saved iss_data to iss_data.json
5.514 -115.4109
Saved iss_data to iss_data.json
5.8424 -115.175
Saved iss_data to iss_data.json
6.1706 -114.9387
Saved iss_data to iss_data.json
6.4988 -114.7022
Saved iss_data to iss_data.json
6.8015 -114.4835
Saved iss_data to iss_data.json
7.1294 -114.2463
Saved iss_data to iss_data.json
7.4571 -114.0087
Saved iss_data to iss_data.json
7.7594 -113.789
Saved iss_data to iss_data.json
8.0868 -113.5506
Saved iss_data to iss_data.json
8.389 -113.3301
Saved iss_data to iss_data.json
8.7161 -113.0909
Saved iss_data to iss_data.json
9.043 -112.8511
Saved iss_data to iss_data.json
9.3948 -112.5924
Saved iss_data to iss_data.json
9.7214 -112.3516
Saved iss_data to iss_data.json
10.0727 -112.0918
Saved iss_data to iss_data.json
10.3988 -111.8498
Saved iss_data to iss_data.json
10.7498 -111.5886
Saved iss_data to iss_data.json
11.0755 -111.3455
Saved iss_data to iss_data.json
11.4009 -111.1018
Saved iss_data to iss_data.json
11.7511 -110.8386
Saved iss_data to iss_data.json
12.0759 -110.5936
Saved iss_data to iss_data.json
12.4254 -110.329
Saved iss_data to iss_data.json
12.7747 -110.0636
Saved iss_data to iss_data.json
13.1236 -109.7974
Saved iss_data to iss_data.json
13.4722 -109.5303
Saved iss_data to iss_data.json
13.8453 -109.2432
Saved iss_data to iss_data.json
14.1931 -108.9743
Saved iss_data to iss_data.json
14.5406 -108.7045
Saved iss_data to iss_data.json
14.8878 -108.4337
Saved iss_data to iss_data.json
15.2593 -108.1425
Saved iss_data to iss_data.json
15.6056 -107.8696
Saved iss_data to iss_data.json
15.9761 -107.5762
Saved iss_data to iss_data.json
16.3462 -107.2816
Saved iss_data to iss_data.json
16.6912 -107.0054
Saved iss_data to iss_data.json
17.0604 -106.7083
Saved iss_data to iss_data.json
17.429 -106.4099
Saved iss_data to iss_data.json
17.797 -106.1102
Saved iss_data to iss_data.json
18.2135 -105.7688
Saved iss_data to iss_data.json
18.6048 -105.4459
Saved iss_data to iss_data.json
18.9954 -105.1213
Saved iss_data to iss_data.json
19.361 -104.8154
Saved iss_data to iss_data.json
19.7503 -104.4875
Saved iss_data to iss_data.json
20.1146 -104.1785
Saved iss_data to iss_data.json
20.5025 -103.847
Saved iss_data to iss_data.json
20.8896 -103.5138
Saved iss_data to iss_data.json
21.2758 -103.1787
Saved iss_data to iss_data.json
21.6855 -102.8204
Saved iss_data to iss_data.json
22.0701 -102.4812
Saved iss_data to iss_data.json
22.4539 -102.1399
Saved iss_data to iss_data.json
22.8369 -101.7965
Saved iss_data to iss_data.json
23.2427 -101.4294
Saved iss_data to iss_data.json
23.6238 -101.0816
Saved iss_data to iss_data.json
24.0039 -100.7316
Saved iss_data to iss_data.json
24.4068 -100.3572
Saved iss_data to iss_data.json
24.8086 -99.9801
Saved iss_data to iss_data.json
25.2327 -99.578
Saved iss_data to iss_data.json
25.6087 -99.2179
Saved iss_data to iss_data.json
26.0304 -98.8098
Saved iss_data to iss_data.json
26.4273 -98.4214
Saved iss_data to iss_data.json
26.8463 -98.007
Saved iss_data to iss_data.json
27.287 -97.566
Saved iss_data to iss_data.json
27.6799 -97.1681
Saved iss_data to iss_data.json
28.0944 -96.7434
Saved iss_data to iss_data.json
28.5073 -96.3151
Saved iss_data to iss_data.json
29.0782 -95.7141
Saved iss_data to iss_data.json
29.4646 -95.3014
Saved iss_data to iss_data.json
29.9398 -94.7867
Saved iss_data to iss_data.json
30.3901 -94.2916
Saved iss_data to iss_data.json
30.8383 -93.7914
Saved iss_data to iss_data.json
31.2398 -93.3369
Saved iss_data to iss_data.json
31.6393 -92.8782
Saved iss_data to iss_data.json
32.059 -92.3893
Saved iss_data to iss_data.json
32.4545 -91.9217
Saved iss_data to iss_data.json
32.848 -91.4497
Saved iss_data to iss_data.json
33.261 -90.9465
Saved iss_data to iss_data.json
33.6717 -90.4382
Saved iss_data to iss_data.json
34.08 -89.9246
Saved iss_data to iss_data.json
34.5071 -89.378
-12.7766 -128.6052
Saved iss_data to iss_data.json
-12.6271 -128.4915
Saved iss_data to iss_data.json
-12.4775 -128.378
Saved iss_data to iss_data.json
-12.3279 -128.2645
Saved iss_data to iss_data.json
-12.1783 -128.1512
Saved iss_data to iss_data.json
-12.0286 -128.0381
Saved iss_data to iss_data.json
-11.8788 -127.9251
Saved iss_data to iss_data.json
-11.7039 -127.7934
Saved iss_data to iss_data.json
-11.554 -127.6807
Saved iss_data to iss_data.json
-11.379 -127.5494
Saved iss_data to iss_data.json
-11.229 -127.4369
Saved iss_data to iss_data.json
-11.0539 -127.3059
Saved iss_data to iss_data.json
-10.9038 -127.1938
Saved iss_data to iss_data.json
-10.7286 -127.0631
Saved iss_data to iss_data.json
-10.5533 -126.9326
Saved iss_data to iss_data.json
-10.3779 -126.8023
Saved iss_data to iss_data.json
-10.2025 -126.6721
Saved iss_data to iss_data.json
-10.0521 -126.5606
Saved iss_data to iss_data.json
-9.8515 -126.4122
Saved iss_data to iss_data.json
-9.6759 -126.2825
Saved iss_data to iss_data.json
-9.5002 -126.1529
Saved iss_data to iss_data.json
-9.3244 -126.0235
Saved iss_data to iss_data.json
-9.1486 -125.8942
Saved iss_data to iss_data.json
-8.9477 -125.7466
Saved iss_data to iss_data.json
-8.7718 -125.6177
Saved iss_data to iss_data.json
-8.5455 -125.452
Saved iss_data to iss_data.json
-8.3694 -125.3233
Saved iss_data to iss_data.json
-8.1682 -125.1765
Saved iss_data to iss_data.json
-7.9669 -125.0297
Saved iss_data to iss_data.json
-7.7655 -124.8832
Saved iss_data to iss_data.json
-7.564 -124.7367
Saved iss_data to iss_data.json
-7.3625 -124.5905
Saved iss_data to iss_data.json
-7.1609 -124.4444
Saved iss_data to iss_data.json
-6.9593 -124.2984
Saved iss_data to iss_data.json
-6.7324 -124.1343
Saved iss_data to iss_data.json
-6.5306 -123.9886
Saved iss_data to iss_data.json
-6.3288 -123.8431
Saved iss_data to iss_data.json
-6.1017 -123.6795
Saved iss_data to iss_data.json
-5.8998 -123.5342
Saved iss_data to iss_data.json
-5.6725 -123.3708
Saved iss_data to iss_data.json
-5.4452 -123.2077
Saved iss_data to iss_data.json
-5.2179 -123.0446
Saved iss_data to iss_data.json
-4.9905 -122.8817
Saved iss_data to iss_data.json
-4.7883 -122.737
Saved iss_data to iss_data.json
-4.5608 -122.5743
Saved iss_data to iss_data.json
-4.3333 -122.4118
Saved iss_data to iss_data.json
-4.1057 -122.2493
Saved iss_data to iss_data.json
-3.8781 -122.087
Saved iss_data to iss_data.json
-3.6504 -121.9247
Saved iss_data to iss_data.json
-3.4227 -121.7625
Saved iss_data to iss_data.json
-3.195 -121.6005
Saved iss_data to iss_data.json
-2.9419 -121.4204
Saved iss_data to iss_data.json
-2.6887 -121.2404
Saved iss_data to iss_data.json
-2.4608 -121.0786
Saved iss_data to iss_data.json
-2.2076 -120.8988
Saved iss_data to iss_data.json
-1.9544 -120.7191
Saved iss_data to iss_data.json
-1.7012 -120.5395
Saved iss_data to iss_data.json
-1.4733 -120.3779
Saved iss_data to iss_data.json
-1.1946 -120.1804
Saved iss_data to iss_data.json
-0.916 -119.9829
Saved iss_data to iss_data.json
-0.6627 -119.8034
Saved iss_data to iss_data.json
-0.4094 -119.624
Saved iss_data to iss_data.json
-0.1307 -119.4266
Saved iss_data to iss_data.json
0.1226 -119.2471
Saved iss_data to iss_data.json
0.4014 -119.0497
Saved iss_data to iss_data.json
0.7054 -118.8343
Saved iss_data to iss_data.json
0.9587 -118.6548
Saved iss_data to iss_data.json
1.2627 -118.4394
Saved iss_data to iss_data.json
1.5413 -118.2419
Saved iss_data to iss_data.json
1.8199 -118.0443
Saved iss_data to iss_data.json
2.0985 -117.8466
Saved iss_data to iss_data.json
2.3771 -117.6488
Saved iss_data to iss_data.json
2.6556 -117.451
Saved iss_data to iss_data.json
2.9341 -117.2531
Saved iss_data to iss_data.json
3.2126 -117.055
Saved iss_data to iss_data.json
3.491 -116.8568
Saved iss_data to iss_data.json
3.7694 -116.6585
Saved iss_data to iss_data.json
4.0477 -116.46
Saved iss_data to iss_data.json
4.3512 -116.2433
Saved iss_data to iss_data.json
4.6294 -116.0446
Saved iss_data to iss_data.json
4.9328 -115.8275
Saved iss_data to iss_data.json
5.2361 -115.6102
Saved iss_data to iss_data.json
5.514 -115.4109
Saved iss_data to iss_data.json
5.8424 -115.175
Saved iss_data to iss_data.json
6.1959 -114.9205
Saved iss_data to iss_data.json
6.4988 -114.7022
Saved iss_data to iss_data.json
6.8015 -114.4835
Saved iss_data to iss_data.json
7.1042 -114.2645
Saved iss_data to iss_data.json
7.4571 -114.0087
Saved iss_data to iss_data.json
7.7594 -113.789
Saved iss_data to iss_data.json
8.0868 -113.5506
Saved iss_data to iss_data.json
8.389 -113.3301
Saved iss_data to iss_data.json
8.7161 -113.0909
Saved iss_data to iss_data.json
9.043 -112.8511
Saved iss_data to iss_data.json
9.3697 -112.6109
Saved iss_data to iss_data.json
9.7214 -112.3516
Saved iss_data to iss_data.json
10.0727 -112.0918
Saved iss_data to iss_data.json
10.3988 -111.8498
Saved iss_data to iss_data.json
10.7248 -111.6073
Saved iss_data to iss_data.json
11.0505 -111.3642
Saved iss_data to iss_data.json
11.3759 -111.1205
Saved iss_data to iss_data.json
11.7261 -110.8574
Saved iss_data to iss_data.json
12.0759 -110.5936
Saved iss_data to iss_data.json
12.4254 -110.329
Saved iss_data to iss_data.json
12.7747 -110.0636
Saved iss_data to iss_data.json
13.1236 -109.7974
Saved iss_data to iss_data.json
13.4722 -109.5303
Saved iss_data to iss_data.json
13.8204 -109.2624
Saved iss_data to iss_data.json
14.1683 -108.9935
Saved iss_data to iss_data.json
14.5406 -108.7045
Saved iss_data to iss_data.json
14.8878 -108.4337
Saved iss_data to iss_data.json
15.2345 -108.1619
Saved iss_data to iss_data.json
15.5809 -107.8892
Saved iss_data to iss_data.json
15.9761 -107.5762
Saved iss_data to iss_data.json
16.3462 -107.2816
Saved iss_data to iss_data.json
16.6912 -107.0054
Saved iss_data to iss_data.json
17.0604 -106.7083
Saved iss_data to iss_data.json
17.429 -106.4099
Saved iss_data to iss_data.json
17.797 -106.1102
Saved iss_data to iss_data.json
18.189 -105.7889
Saved iss_data to iss_data.json
18.5803 -105.4661
Saved iss_data to iss_data.json
18.971 -105.1416
Saved iss_data to iss_data.json
19.3367 -104.8358
Saved iss_data to iss_data.json
19.726 -104.508
Saved iss_data to iss_data.json
20.0903 -104.1991
Saved iss_data to iss_data.json
20.4782 -103.8678
Saved iss_data to iss_data.json
20.8654 -103.5347
Saved iss_data to iss_data.json
21.2517 -103.1997
Saved iss_data to iss_data.json
21.6614 -102.8415
Saved iss_data to iss_data.json
22.0461 -102.5024
Saved iss_data to iss_data.json
22.43 -102.1613
Saved iss_data to iss_data.json
22.813 -101.818
Saved iss_data to iss_data.json
23.2189 -101.4511
Saved iss_data to iss_data.json
23.6 -101.1034
Saved iss_data to iss_data.json
23.9802 -100.7535
Saved iss_data to iss_data.json
24.3831 -100.3793
Saved iss_data to iss_data.json
24.7849 -100.0024
Saved iss_data to iss_data.json
25.1856 -99.6228
Saved iss_data to iss_data.json
25.5852 -99.2405
Saved iss_data to iss_data.json
25.9836 -98.8553
Saved iss_data to iss_data.json
26.404 -98.4444
Saved iss_data to iss_data.json
26.7998 -98.0532
Saved iss_data to iss_data.json
27.2407 -97.6126
Saved iss_data to iss_data.json
27.6337 -97.2151
Saved iss_data to iss_data.json
28.0484 -96.7907
Saved iss_data to iss_data.json
28.4615 -96.3629
Saved iss_data to iss_data.json
28.9643 -95.8349
Saved iss_data to iss_data.json
29.4419 -95.3257
Saved iss_data to iss_data.json
29.9172 -94.8113
Saved iss_data to iss_data.json
30.3901 -94.2916
Saved iss_data to iss_data.json
30.8383 -93.7914
Saved iss_data to iss_data.json
31.2398 -93.3369
Saved iss_data to iss_data.json
31.6393 -92.8782
Saved iss_data to iss_data.json
32.0369 -92.4152
Saved iss_data to iss_data.json
32.4326 -91.9478
Saved iss_data to iss_data.json
32.8262 -91.476
Saved iss_data to iss_data.json
33.2393 -90.9731
Saved iss_data to iss_data.json
33.6286 -90.4919
Saved iss_data to iss_data.json
34.0585 -89.9517
Saved iss_data to iss_data.json
34.4644 -89.433
Saved iss_data to iss_data.json
34.8889 -88.8811
Saved iss_data to iss_data.json
35.3105 -88.323
Saved iss_data to iss_data.json
35.7291 -87.7587
Saved iss_data to iss_data.json
36.1239 -87.2167
Saved iss_data to iss_data.json
36.5364 -86.6397
Saved iss_data to iss_data.json
36.9253 -86.0855
Saved iss_data to iss_data.json
34.9101 -88.8533
Saved iss_data to iss_data.json
35.3105 -88.323
Saved iss_data to iss_data.json
35.7291 -87.7587
Saved iss_data to iss_data.json
36.1446 -87.188
Saved iss_data to iss_data.json
36.5364 -86.6397
Saved iss_data to iss_data.json
36.9457 -86.0562
Saved iss_data to iss_data.json
37.3718 -85.4362
Saved iss_data to iss_data.json
37.7542 -84.8687
Saved iss_data to iss_data.json
38.1732 -84.2342
Saved iss_data to iss_data.json
38.5882 -83.5918
Saved iss_data to iss_data.json
38.9991 -82.9415
Saved iss_data to iss_data.json
39.406 -82.283
Saved iss_data to iss_data.json
39.8275 -81.5844
Saved iss_data to iss_data.json
40.2443 -80.8767
Saved iss_data to iss_data.json
40.6561 -80.1596
Saved iss_data to iss_data.json
41.0812 -79.3998
Saved iss_data to iss_data.json
41.4644 -78.6969
Saved iss_data to iss_data.json
41.8784 -77.917
Saved iss_data to iss_data.json
42.2687 -77.1609
Saved iss_data to iss_data.json
42.6535 -76.3949
Saved iss_data to iss_data.json
43.0323 -75.6189
Saved iss_data to iss_data.json
43.4053 -74.8326
Saved iss_data to iss_data.json
43.7887 -73.9996
Saved iss_data to iss_data.json
44.1652 -73.1553
Saved iss_data to iss_data.json
44.5347 -72.2997
Saved iss_data to iss_data.json
44.8657 -71.5085
Saved iss_data to iss_data.json
45.2213 -70.6308
Saved iss_data to iss_data.json
45.5542 -69.7806
Saved iss_data to iss_data.json
45.8801 -68.9197
Saved iss_data to iss_data.json
46.213 -68.0084
Saved iss_data to iss_data.json
46.5378 -67.0854
Saved iss_data to iss_data.json
46.8678 -66.11
Saved iss_data to iss_data.json
47.1754 -65.1636
Saved iss_data to iss_data.json
47.4871 -64.1637
Saved iss_data to iss_data.json
47.7766 -63.1941
Saved iss_data to iss_data.json
48.0571 -62.213
Saved iss_data to iss_data.json
48.3398 -61.1774
Saved iss_data to iss_data.json
48.6123 -60.1298
Saved iss_data to iss_data.json
48.8741 -59.0706
Saved iss_data to iss_data.json
49.1252 -57.9999
Saved iss_data to iss_data.json
49.3654 -56.918
Saved iss_data to iss_data.json
49.6036 -55.7795
Saved iss_data to iss_data.json
49.8208 -54.6757
Saved iss_data to iss_data.json
50.0346 -53.5152
Saved iss_data to iss_data.json
50.2435 -52.2971
Saved iss_data to iss_data.json
50.4456 -51.0207
Saved iss_data to iss_data.json
50.6123 -49.8768
Saved iss_data to iss_data.json
50.7728 -48.6765
Saved iss_data to iss_data.json
50.9199 -47.4679
Saved iss_data to iss_data.json
51.0633 -46.1543
Saved iss_data to iss_data.json
51.1862 -44.8814
Saved iss_data to iss_data.json
51.2979 -43.5526
Saved iss_data to iss_data.json
51.3899 -42.267
Saved iss_data to iss_data.json
51.4691 -40.9268
Saved iss_data to iss_data.json
51.5317 -39.5821
Saved iss_data to iss_data.json
51.5761 -38.284
Saved iss_data to iss_data.json
51.6058 -36.9338
Saved iss_data to iss_data.json
51.6184 -35.6323
Saved iss_data to iss_data.json
51.615 -34.2804
Saved iss_data to iss_data.json
51.5947 -32.9291
Saved iss_data to iss_data.json
51.5575 -31.5798
Saved iss_data to iss_data.json
51.5013 -30.1833
Saved iss_data to iss_data.json
51.433 -28.8903
Saved iss_data to iss_data.json
51.3457 -27.552
Saved iss_data to iss_data.json
51.2419 -26.2198
Saved iss_data to iss_data.json
51.117 -24.8451
Saved iss_data to iss_data.json
50.9692 -23.4303
Saved iss_data to iss_data.json
50.803 -22.0253
Saved iss_data to iss_data.json
50.6185 -20.6313
Saved iss_data to iss_data.json
50.416 -19.249
Saved iss_data to iss_data.json
50.1878 -17.8326
Saved iss_data to iss_data.json
49.9581 -16.5239
Saved iss_data to iss_data.json
49.7124 -15.2285
Saved iss_data to iss_data.json
49.4126 -13.7653
Saved iss_data to iss_data.json
49.1132 -12.4109
Saved iss_data to iss_data.json
48.8184 -11.1627
Saved iss_data to iss_data.json
48.4976 -9.8863
Saved iss_data to iss_data.json
48.1497 -8.584
Saved iss_data to iss_data.json
47.7858 -7.3007
Saved iss_data to iss_data.json
47.3935 -5.9945
Saved iss_data to iss_data.json
46.9984 -4.7501
Saved iss_data to iss_data.json
46.6026 -3.5658
Saved iss_data to iss_data.json
46.1791 -2.36
Saved iss_data to iss_data.json
45.7269 -1.1348
Saved iss_data to iss_data.json
45.291 -0.0076
Saved iss_data to iss_data.json
44.8115 1.1771
Saved iss_data to iss_data.json
44.3348 2.3035
Saved iss_data to iss_data.json
43.8128 3.4837
Saved iss_data to iss_data.json
43.2945 4.6061
Saved iss_data to iss_data.json
42.7813 5.6731
Saved iss_data to iss_data.json
42.2219 6.7905
Saved iss_data to iss_data.json
41.6685 7.8529
Saved iss_data to iss_data.json
41.1043 8.8959
Saved iss_data to iss_data.json
40.5109 9.9524
Saved iss_data to iss_data.json
39.9259 10.9571
Saved iss_data to iss_data.json
39.2925 12.0064
Saved iss_data to iss_data.json
38.6878 12.9737
Saved iss_data to iss_data.json
38.0543 13.954
Saved iss_data to iss_data.json
37.4116 14.9162
Saved iss_data to iss_data.json
36.7601 15.8608
Saved iss_data to iss_data.json
36.0795 16.8169
Saved iss_data to iss_data.json
35.3903 17.7552
Saved iss_data to iss_data.json
34.6715 18.704
Saved iss_data to iss_data.json
33.9874 19.5808
Saved iss_data to iss_data.json
33.2528 20.4959
Saved iss_data to iss_data.json
32.5325 21.3681
Saved iss_data to iss_data.json
31.783 22.2511
Saved iss_data to iss_data.json
31.0266 23.1187
Saved iss_data to iss_data.json
30.286 23.9465
Saved iss_data to iss_data.json
29.5167 24.7853
Saved iss_data to iss_data.json
28.7412 25.6103
Saved iss_data to iss_data.json
27.9368 26.4457
Saved iss_data to iss_data.json
27.1498 27.2443
Saved iss_data to iss_data.json
26.3808 28.0077
Saved iss_data to iss_data.json
25.5837 28.7826
Saved iss_data to iss_data.json
24.7817 29.5463
Saved iss_data to iss_data.json
23.9513 30.3213
Saved iss_data to iss_data.json
23.1403 31.0636
Saved iss_data to iss_data.json
22.3248 31.7963
Saved iss_data to iss_data.json
21.5058 32.5195
Saved iss_data to iss_data.json
20.6588 33.2545
Saved iss_data to iss_data.json
19.808 33.9805
Saved iss_data to iss_data.json
18.9538 34.698
Saved iss_data to iss_data.json
18.0962 35.4074
Saved iss_data to iss_data.json
17.2355 36.1092
Saved iss_data to iss_data.json
16.347 36.8235
Saved iss_data to iss_data.json
15.4558 37.5306
Saved iss_data to iss_data.json
14.5619 38.2309
Saved iss_data to iss_data.json
13.6655 38.9249
Saved iss_data to iss_data.json
12.7667 39.6131
Saved iss_data to iss_data.json
11.8407 40.3147
Saved iss_data to iss_data.json
10.9125 41.0111
Saved iss_data to iss_data.json
9.9824 41.7026
Saved iss_data to iss_data.json
9.0507 42.3896
Saved iss_data to iss_data.json
8.1427 43.0542
Saved iss_data to iss_data.json
7.2081 43.7338
Saved iss_data to iss_data.json
6.2469 44.4285
Saved iss_data to iss_data.json
5.31 45.1022
Saved iss_data to iss_data.json
4.3468 45.7917
Saved iss_data to iss_data.json
3.3828 46.4792
Saved iss_data to iss_data.json
2.4437 47.1471
Saved iss_data to iss_data.json
1.4534 47.85
Saved iss_data to iss_data.json
0.4884 48.5341
Saved iss_data to iss_data.json
-0.5023 49.236
Saved iss_data to iss_data.json
-1.4928 49.9381
Saved iss_data to iss_data.json
-2.4575 50.6229
Saved iss_data to iss_data.json
-3.4723 51.3447
Saved iss_data to iss_data.json
-4.4612 52.0502
Saved iss_data to iss_data.json
-5.4491 52.7578
Saved iss_data to iss_data.json
-6.689 53.6506
Saved iss_data to iss_data.json
-7.6743 54.3647
Saved iss_data to iss_data.json
-17.2866 61.6914
Saved iss_data to iss_data.json
-18.3418 62.5538
Saved iss_data to iss_data.json
-44.5443 95.9383
Saved iss_data to iss_data.json
-45.1679 97.4509
Saved iss_data to iss_data.json
-46.3577 100.6132
Saved iss_data to iss_data.json
-46.9095 102.2304
Saved iss_data to iss_data.json
-47.4356 103.8824
Saved iss_data to iss_data.json
-48.1269 106.2523
Saved iss_data to iss_data.json
-48.6315 108.16
Saved iss_data to iss_data.json
-49.111 110.1513
Saved iss_data to iss_data.json
-49.5894 112.3637
Saved iss_data to iss_data.json
-50.0124 114.5732
Saved iss_data to iss_data.json
-51.4599 127.1133
Saved iss_data to iss_data.json
-51.5531 129.1986
Saved iss_data to iss_data.json
-37.7893 -177.4454
Saved iss_data to iss_data.json
-36.9022 -176.1432
Saved iss_data to iss_data.json
-36.0199 -174.9017
Saved iss_data to iss_data.json
-35.1022 -173.6623
Saved iss_data to iss_data.json
37.3314 -85.4956
Saved iss_data to iss_data.json
37.7542 -84.8687
Saved iss_data to iss_data.json
38.1533 -84.2645
Saved iss_data to iss_data.json
38.5685 -83.6226
Saved iss_data to iss_data.json
38.9602 -83.0038
Saved iss_data to iss_data.json
39.3674 -82.346
Saved iss_data to iss_data.json
39.7894 -81.6483
Saved iss_data to iss_data.json
40.1878 -80.9737
Saved iss_data to iss_data.json
40.6189 -80.2252
Saved iss_data to iss_data.json
41.0261 -79.4995
Saved iss_data to iss_data.json
41.4099 -78.7978
Saved iss_data to iss_data.json
41.8068 -78.0534
Saved iss_data to iss_data.json
42.1982 -77.2992
Saved iss_data to iss_data.json
42.5665 -76.5699
Saved iss_data to iss_data.json
42.9467 -75.7961
Saved iss_data to iss_data.json
43.3211 -75.0122
Saved iss_data to iss_data.json
43.6727 -74.2543
Saved iss_data to iss_data.json
44.0514 -73.4134
Saved iss_data to iss_data.json
44.423 -72.5613
Saved iss_data to iss_data.json
44.7718 -71.7355
Saved iss_data to iss_data.json
45.1138 -70.8992
Saved iss_data to iss_data.json
45.4491 -70.0522
Saved iss_data to iss_data.json
45.7772 -69.1948
Saved iss_data to iss_data.json
46.1125 -68.287
Saved iss_data to iss_data.json
46.4258 -67.4078
Saved iss_data to iss_data.json
46.7589 -66.4366
Saved iss_data to iss_data.json
47.0694 -65.4941
Saved iss_data to iss_data.json
47.3584 -64.5818
Saved iss_data to iss_data.json
47.6518 -63.617
Saved iss_data to iss_data.json
47.9363 -62.6409
Saved iss_data to iss_data.json
48.2233 -61.6104
Saved iss_data to iss_data.json
48.4887 -60.6114
Saved iss_data to iss_data.json
48.7554 -59.5575
Saved iss_data to iss_data.json
49.001 -58.5367
Saved iss_data to iss_data.json
49.2467 -57.4603
Saved iss_data to iss_data.json
49.4908 -56.3274
Saved iss_data to iss_data.json
49.7046 -55.2748
Saved iss_data to iss_data.json
49.925 -54.12
Saved iss_data to iss_data.json
50.1327 -52.9544
Saved iss_data to iss_data.json
50.3276 -51.7785
Saved iss_data to iss_data.json
50.5165 -50.5451
Saved iss_data to iss_data.json
50.6846 -49.3498
Saved iss_data to iss_data.json
50.8333 -48.1941
Saved iss_data to iss_data.json
50.9749 -46.9824
Saved iss_data to iss_data.json
51.1124 -45.6655
Saved iss_data to iss_data.json
51.2295 -44.39
Saved iss_data to iss_data.json
51.3315 -43.1082
Saved iss_data to iss_data.json
51.4211 -41.7712
Saved iss_data to iss_data.json
51.4918 -40.479
Saved iss_data to iss_data.json
51.5488 -39.133
Saved iss_data to iss_data.json
51.5867 -37.8842
Saved iss_data to iss_data.json
51.6113 -36.5334
Saved iss_data to iss_data.json
51.6191 -35.1816
Saved iss_data to iss_data.json
51.6101 -33.8299
Saved iss_data to iss_data.json
51.5842 -32.479
Saved iss_data to iss_data.json
51.5433 -31.1804
Saved iss_data to iss_data.json
51.4844 -29.8348
Saved iss_data to iss_data.json
51.4088 -28.4932
Saved iss_data to iss_data.json
51.3204 -27.206
Saved iss_data to iss_data.json
51.2123 -25.8754
Saved iss_data to iss_data.json
51.088 -24.5517
Saved iss_data to iss_data.json
50.9364 -23.1389
Saved iss_data to iss_data.json
50.7663 -21.736
Saved iss_data to iss_data.json
50.5848 -20.3921
Saved iss_data to iss_data.json
50.3792 -19.0119
Saved iss_data to iss_data.json
50.156 -17.6449
Saved iss_data to iss_data.json
49.924 -16.338
Saved iss_data to iss_data.json
49.6761 -15.0446
Saved iss_data to iss_data.json
49.3834 -13.6291
Saved iss_data to iss_data.json
49.0824 -12.2764
Saved iss_data to iss_data.json
48.7859 -11.0298
Saved iss_data to iss_data.json
48.4636 -9.7552
Saved iss_data to iss_data.json
48.1259 -8.4979
Saved iss_data to iss_data.json
47.761 -7.2158
Saved iss_data to iss_data.json
47.3806 -5.9527
Saved iss_data to iss_data.json
46.9984 -4.7501
Saved iss_data to iss_data.json
46.6026 -3.5658
Saved iss_data to iss_data.json
46.1791 -2.36
Saved iss_data to iss_data.json
45.7417 -1.174
Saved iss_data to iss_data.json
45.291 -0.0076
Saved iss_data to iss_data.json
44.8272 1.1392
Saved iss_data to iss_data.json
44.367 2.229
Saved iss_data to iss_data.json
43.8623 3.374
Saved iss_data to iss_data.json
43.3452 4.4984
Saved iss_data to iss_data.json
42.8159 5.6025
Saved iss_data to iss_data.json
42.2748 6.6866
Saved iss_data to iss_data.json
41.7225 7.7509
Saved iss_data to iss_data.json
41.1776 8.7624
Saved iss_data to iss_data.json
40.6043 9.7887
Saved iss_data to iss_data.json
40.0019 10.8285
Saved iss_data to iss_data.json
39.4084 11.8171
Saved iss_data to iss_data.json
38.8055 12.7879
Saved iss_data to iss_data.json
38.1937 13.7411
Saved iss_data to iss_data.json
37.553 14.7073
Saved iss_data to iss_data.json
36.9034 15.6556
Saved iss_data to iss_data.json
36.266 16.5579
Saved iss_data to iss_data.json
35.579 17.501
Saved iss_data to iss_data.json
34.8838 18.4268
Saved iss_data to iss_data.json
34.1806 19.3358
Saved iss_data to iss_data.json
33.4697 20.2285
Saved iss_data to iss_data.json
32.7734 21.0791
Saved iss_data to iss_data.json
32.0263 21.9672
Saved iss_data to iss_data.json
31.2944 22.8142
Saved iss_data to iss_data.json
30.5336 23.6721
Saved iss_data to iss_data.json
29.7889 24.4908
Saved iss_data to iss_data.json
29.0384 25.2965
Saved iss_data to iss_data.json
28.2363 26.137
Saved iss_data to iss_data.json
27.4513 26.9405
Saved iss_data to iss_data.json
26.6843 27.7083
Saved iss_data to iss_data.json
25.9125 28.4649
Saved iss_data to iss_data.json
25.1125 29.2332
Saved iss_data to iss_data.json
24.3078 29.9905
Saved iss_data to iss_data.json
23.5225 30.7155
Saved iss_data to iss_data.json
22.7091 31.4526
Saved iss_data to iss_data.json
21.8676 32.2016
Saved iss_data to iss_data.json
21.0706 32.8986
Saved iss_data to iss_data.json
20.2217 33.629
Saved iss_data to iss_data.json
19.3935 34.3301
Saved iss_data to iss_data.json
18.5376 35.0436
Saved iss_data to iss_data.json
17.6785 35.7492
Saved iss_data to iss_data.json
16.841 36.4276
Saved iss_data to iss_data.json
15.9513 37.1386
Saved iss_data to iss_data.json
15.0588 37.8427
Saved iss_data to iss_data.json
14.1887 38.5208
Saved iss_data to iss_data.json
13.2913 39.2123
Saved iss_data to iss_data.json
12.3915 39.8982
Saved iss_data to iss_data.json
11.4646 40.5976
Saved iss_data to iss_data.json
10.5608 41.2733
Saved iss_data to iss_data.json
9.6301 41.963
Saved iss_data to iss_data.json
8.6978 42.6485
Saved iss_data to iss_data.json
7.7892 43.3118
Saved iss_data to iss_data.json
6.8541 43.9901
Saved iss_data to iss_data.json
5.9178 44.6655
Saved iss_data to iss_data.json
4.9805 45.3383
Saved iss_data to iss_data.json
4.0171 46.0271
Saved iss_data to iss_data.json
3.0783 46.696
Saved iss_data to iss_data.json
2.139 47.3635
Saved iss_data to iss_data.json
1.1741 48.048
Saved iss_data to iss_data.json
0.1835 48.75
Saved iss_data to iss_data.json
-0.8071 49.452
Saved iss_data to iss_data.json
-1.7721 50.1363
Saved iss_data to iss_data.json
-2.762 50.8393
Saved iss_data to iss_data.json
-3.7259 51.5254
Saved iss_data to iss_data.json
-4.7146 52.2314
Saved iss_data to iss_data.json
-5.8541 53.0488
Saved iss_data to iss_data.json
-6.9165 53.815
Saved iss_data to iss_data.json
-7.9015 54.53
Saved iss_data to iss_data.json
-17.4832 61.851
Saved iss_data to iss_data.json
-18.5377 62.7155
Saved iss_data to iss_data.json
-44.6708 96.2381
Saved iss_data to iss_data.json
-45.2747 97.7191
Saved iss_data to iss_data.json
-46.4561 100.8938
Saved iss_data to iss_data.json
-47.0034 102.517
Saved iss_data to iss_data.json
-47.5122 104.1332
Saved iss_data to iss_data.json
-48.1978 106.5101
Saved iss_data to iss_data.json
-48.6866 108.3793
Saved iss_data to iss_data.json
-49.172 110.4198
Saved iss_data to iss_data.json
-49.6264 112.5463
Saved iss_data to iss_data.json
-50.0455 114.7591
Saved iss_data to iss_data.json
-51.4679 127.262
Saved iss_data to iss_data.json
-51.5566 129.2981
Saved iss_data to iss_data.json
-37.7493 -177.3855
Saved iss_data to iss_data.json
-36.8615 -176.0848
Saved iss_data to iss_data.json
-35.9992 -174.8732
Saved iss_data to iss_data.json
-35.0811 -173.6344
Saved iss_data to iss_data.json
-34.2127 -172.5069
Saved iss_data to iss_data.json
-33.2462 -171.2981
Saved iss_data to iss_data.json
-32.3101 -170.1698
Saved iss_data to iss_data.json
-31.3404 -169.0413
Saved iss_data to iss_data.json
-30.3593 -167.9378
Saved iss_data to iss_data.json
-29.3676 -166.8582
Saved iss_data to iss_data.json
-28.3887 -165.8252
Saved iss_data to iss_data.json
-27.3773 -164.7892
Saved iss_data to iss_data.json
-26.3106 -163.7282
Saved iss_data to iss_data.json
-25.2817 -162.7332
Saved iss_data to iss_data.json
-24.2213 -161.7346
Saved iss_data to iss_data.json
-23.1531 -160.754
Saved iss_data to iss_data.json
-22.1017 -159.8118
Saved iss_data to iss_data.json
-21.0438 -158.8849
Saved iss_data to iss_data.json
-19.9315 -157.9312
Saved iss_data to iss_data.json
-18.8129 -156.9923
Saved iss_data to iss_data.json
-17.6888 -156.067
Saved iss_data to iss_data.json
-16.5101 -155.1151
Saved iss_data to iss_data.json
-15.3261 -154.1759
Saved iss_data to iss_data.json
-14.2117 -153.306
Saved iss_data to iss_data.json
-13.0188 -152.3885
Saved iss_data to iss_data.json
-11.8719 -151.5185
Saved iss_data to iss_data.json
-10.7216 -150.6565
Saved iss_data to iss_data.json
-9.5433 -149.7832
Saved iss_data to iss_data.json
-8.3875 -148.9351
Saved iss_data to iss_data.json
-7.2292 -148.0924
Saved iss_data to iss_data.json
-6.069 -147.2545
Saved iss_data to iss_data.json
-4.882 -146.4026
Saved iss_data to iss_data.json
-3.6684 -145.5361
Saved iss_data to iss_data.json
-2.479 -144.69
Saved iss_data to iss_data.json
-1.2634 -143.8277
Saved iss_data to iss_data.json
-0.0474 -142.9661
Saved iss_data to iss_data.json
1.118 -142.1405
Saved iss_data to iss_data.json
2.3591 -141.2602
Saved iss_data to iss_data.json
3.5996 -140.378
Saved iss_data to iss_data.json
4.839 -139.4932
Saved iss_data to iss_data.json
6.0771 -138.6046
Saved iss_data to iss_data.json
7.3386 -137.6932
Saved iss_data to iss_data.json
8.5728 -136.7943
Saved iss_data to iss_data.json
9.7792 -135.9074
Saved iss_data to iss_data.json
11.0078 -134.9946
Saved iss_data to iss_data.json
12.2581 -134.0543
Saved iss_data to iss_data.json
13.5293 -133.085
Saved iss_data to iss_data.json
14.7464 -132.1426
Saved iss_data to iss_data.json
15.9834 -131.1689
Saved iss_data to iss_data.json
17.2151 -130.1818
Saved iss_data to iss_data.json
18.4166 -129.1999
Saved iss_data to iss_data.json
19.6604 -128.1619
Saved iss_data to iss_data.json
20.8968 -127.106
Saved iss_data to iss_data.json
22.1254 -126.0307
Saved iss_data to iss_data.json
23.3454 -124.9345
Saved iss_data to iss_data.json
24.5324 -123.8381
Saved iss_data to iss_data.json
25.7566 -122.6737
Saved iss_data to iss_data.json
26.9232 -121.529
Saved iss_data to iss_data.json
28.1015 -120.3346
Saved iss_data to iss_data.json
29.2899 -119.0871
Saved iss_data to iss_data.json
30.5093 -117.7578
Saved iss_data to iss_data.json
31.6683 -116.4431
Saved iss_data to iss_data.json
32.8329 -115.0664
Saved iss_data to iss_data.json
33.9794 -113.6503
Saved iss_data to iss_data.json
35.0644 -112.2485
Saved iss_data to iss_data.json
36.213 -110.6914
Saved iss_data to iss_data.json
37.2974 -109.144
Saved iss_data to iss_data.json
38.4172 -107.4567
Saved iss_data to iss_data.json
39.47 -105.7764
Saved iss_data to iss_data.json
40.4944 -104.0417
Saved iss_data to iss_data.json
41.4885 -102.2505
Saved iss_data to iss_data.json
42.4501 -100.401
Saved iss_data to iss_data.json
43.4109 -98.419
Saved iss_data to iss_data.json
44.2999 -96.4451
Saved iss_data to iss_data.json
45.1498 -94.4082
Saved iss_data to iss_data.json
45.958 -92.3078
Saved iss_data to iss_data.json
46.7497 -90.0622
Saved iss_data to iss_data.json
47.4786 -87.7901
Saved iss_data to iss_data.json
48.1565 -85.4531
Saved iss_data to iss_data.json
48.7808 -83.0529
Saved iss_data to iss_data.json
49.3588 -80.5469
Saved iss_data to iss_data.json
49.8674 -78.0278
Saved iss_data to iss_data.json
50.3301 -75.3613
Saved iss_data to iss_data.json
50.7187 -72.692
Saved iss_data to iss_data.json
51.0397 -69.9801
Saved iss_data to iss_data.json
51.2915 -67.2331
Saved iss_data to iss_data.json
51.47 -64.5086
Saved iss_data to iss_data.json
51.582 -61.666
Saved iss_data to iss_data.json
51.6191 -58.7634
Saved iss_data to iss_data.json
51.5742 -55.7109
Saved iss_data to iss_data.json
51.4464 -52.7202
Saved iss_data to iss_data.json
51.2405 -49.8016
Saved iss_data to iss_data.json
50.951 -46.8665
Saved iss_data to iss_data.json
50.5826 -43.9745
Saved iss_data to iss_data.json
50.1533 -41.2277
Saved iss_data to iss_data.json
49.6547 -38.5358
Saved iss_data to iss_data.json
49.0893 -35.905
Saved iss_data to iss_data.json
48.4484 -33.2956
Saved iss_data to iss_data.json
47.7445 -30.7579
Saved iss_data to iss_data.json
46.9672 -28.253
Saved iss_data to iss_data.json
46.1456 -25.8658
Saved iss_data to iss_data.json
45.2707 -23.5549
Saved iss_data to iss_data.json
44.3617 -21.3573
Saved iss_data to iss_data.json
43.3565 -19.1242
Saved iss_data to iss_data.json
42.3395 -17.0392
Saved iss_data to iss_data.json
41.2631 -14.9923
Saved iss_data to iss_data.json
40.1093 -12.9527
Saved iss_data to iss_data.json
38.936 -11.0178
Saved iss_data to iss_data.json
37.7073 -9.1212
Saved iss_data to iss_data.json
36.4656 -7.3204
Saved iss_data to iss_data.json
35.1939 -5.5812
Saved iss_data to iss_data.json
33.8729 -3.8732
Saved iss_data to iss_data.json
32.5033 -2.1956
Saved iss_data to iss_data.json
31.1311 -0.5983
Saved iss_data to iss_data.json
29.7136 0.974
Saved iss_data to iss_data.json
28.275 2.4983
Saved iss_data to iss_data.json
26.7936 4.0013
Saved iss_data to iss_data.json
18.5305 11.4509
Saved iss_data to iss_data.json
9.8747 18.1837
Saved iss_data to iss_data.json
8.2616 19.3689
Saved iss_data to iss_data.json
1.1162 24.4905
Saved iss_data to iss_data.json
-4.0626 28.1669
Saved iss_data to iss_data.json
-5.7095 29.3461
Saved iss_data to iss_data.json
-7.3279 30.5145
Saved iss_data to iss_data.json
-10.4012 32.7693
Saved iss_data to iss_data.json
-12.0308 33.9899
Saved iss_data to iss_data.json
-26.9785 46.7434
Saved iss_data to iss_data.json
-34.8583 55.6971
Saved iss_data to iss_data.json
-36.2168 57.5306
Saved iss_data to iss_data.json
-37.582 59.4924
Saved iss_data to iss_data.json
-39.3156 62.1872
Saved iss_data to iss_data.json
-40.6415 64.4323
Saved iss_data to iss_data.json
-48.06 82.4131
Saved iss_data to iss_data.json
-48.8104 85.2817
Saved iss_data to iss_data.json
-49.5181 88.4183
Saved iss_data to iss_data.json
Traceback (most recent call last):
  File "/opt/homebrew/anaconda3/lib/python3.10/site-packages/urllib3/connection.py", line 174, in _new_conn
    conn = connection.create_connection(
  File "/opt/homebrew/anaconda3/lib/python3.10/site-packages/urllib3/util/connection.py", line 95, in create_connection
    raise err
  File "/opt/homebrew/anaconda3/lib/python3.10/site-packages/urllib3/util/connection.py", line 85, in create_connection
    sock.connect(sa)
TimeoutError: [Errno 60] Operation timed out

During handling of the above exception, another exception occurred:

Traceback (most recent call last):
  File "/opt/homebrew/anaconda3/lib/python3.10/site-packages/urllib3/connectionpool.py", line 703, in urlopen
    httplib_response = self._make_request(
  File "/opt/homebrew/anaconda3/lib/python3.10/site-packages/urllib3/connectionpool.py", line 398, in _make_request
    conn.request(method, url, **httplib_request_kw)
  File "/opt/homebrew/anaconda3/lib/python3.10/site-packages/urllib3/connection.py", line 239, in request
    super(HTTPConnection, self).request(method, url, body=body, headers=headers)
  File "/opt/homebrew/anaconda3/lib/python3.10/http/client.py", line 1282, in request
    self._send_request(method, url, body, headers, encode_chunked)
  File "/opt/homebrew/anaconda3/lib/python3.10/http/client.py", line 1328, in _send_request
    self.endheaders(body, encode_chunked=encode_chunked)
  File "/opt/homebrew/anaconda3/lib/python3.10/http/client.py", line 1277, in endheaders
    self._send_output(message_body, encode_chunked=encode_chunked)
  File "/opt/homebrew/anaconda3/lib/python3.10/http/client.py", line 1037, in _send_output
    self.send(msg)
  File "/opt/homebrew/anaconda3/lib/python3.10/http/client.py", line 975, in send
    self.connect()
  File "/opt/homebrew/anaconda3/lib/python3.10/site-packages/urllib3/connection.py", line 205, in connect
    conn = self._new_conn()
  File "/opt/homebrew/anaconda3/lib/python3.10/site-packages/urllib3/connection.py", line 179, in _new_conn
    raise ConnectTimeoutError(
urllib3.exceptions.ConnectTimeoutError: (<urllib3.connection.HTTPConnection object at 0x2927af6a0>, 'Connection to api.open-notify.org timed out. (connect timeout=None)')

During handling of the above exception, another exception occurred:

Traceback (most recent call last):
  File "/opt/homebrew/anaconda3/lib/python3.10/site-packages/requests/adapters.py", line 489, in send
    resp = conn.urlopen(
  File "/opt/homebrew/anaconda3/lib/python3.10/site-packages/urllib3/connectionpool.py", line 787, in urlopen
    retries = retries.increment(
  File "/opt/homebrew/anaconda3/lib/python3.10/site-packages/urllib3/util/retry.py", line 592, in increment
    raise MaxRetryError(_pool, url, error or ResponseError(cause))
urllib3.exceptions.MaxRetryError: HTTPConnectionPool(host='api.open-notify.org', port=80): Max retries exceeded with url: /iss-now.json (Caused by ConnectTimeoutError(<urllib3.connection.HTTPConnection object at 0x2927af6a0>, 'Connection to api.open-notify.org timed out. (connect timeout=None)'))

During handling of the above exception, another exception occurred:

Traceback (most recent call last):
  File "/Users/ashar/Documents/iss/iss.py", line 50, in <module>
    print(iss_data)
  File "/opt/homebrew/anaconda3/lib/python3.10/site-packages/requests/api.py", line 73, in get
    return request("get", url, params=params, **kwargs)
  File "/opt/homebrew/anaconda3/lib/python3.10/site-packages/requests/api.py", line 59, in request
    return session.request(method=method, url=url, **kwargs)
  File "/opt/homebrew/anaconda3/lib/python3.10/site-packages/requests/sessions.py", line 587, in request
    resp = self.send(prep, **send_kwargs)
  File "/opt/homebrew/anaconda3/lib/python3.10/site-packages/requests/sessions.py", line 701, in send
    r = adapter.send(request, **kwargs)
  File "/opt/homebrew/anaconda3/lib/python3.10/site-packages/requests/adapters.py", line 553, in send
    raise ConnectTimeout(e, request=request)
requests.exceptions.ConnectTimeout: HTTPConnectionPool(host='api.open-notify.org', port=80): Max retries exceeded with url: /iss-now.json (Caused by ConnectTimeoutError(<urllib3.connection.HTTPConnection object at 0x2927af6a0>, 'Connection to api.open-notify.org timed out. (connect timeout=None)'))
Saved iss_data to iss_data.json
-34.2127 -172.5069
Saved iss_data to iss_data.json
-33.2462 -171.2981
Saved iss_data to iss_data.json
-32.2882 -170.1439
Saved iss_data to iss_data.json
-31.3182 -169.0159
Saved iss_data to iss_data.json
-30.3145 -167.8882
Saved iss_data to iss_data.json
-29.3223 -166.8097
Saved iss_data to iss_data.json
-28.2971 -165.7301
Saved iss_data to iss_data.json
-27.3312 -164.7426
Saved iss_data to iss_data.json
-26.264 -163.6826
Saved iss_data to iss_data.json
-25.2347 -162.6884
Saved iss_data to iss_data.json
-24.174 -161.6907
Saved iss_data to iss_data.json
-23.1293 -160.7324
Saved iss_data to iss_data.json
-22.0537 -159.7693
Saved iss_data to iss_data.json
-21.0197 -158.864
Saved iss_data to iss_data.json
-19.9315 -157.9312
Saved iss_data to iss_data.json
-18.8129 -156.9923
Saved iss_data to iss_data.json
-17.6888 -156.067
Saved iss_data to iss_data.json
-16.5101 -155.1151
Saved iss_data to iss_data.json
-15.2766 -154.137
Saved iss_data to iss_data.json
-14.1621 -153.2675
Saved iss_data to iss_data.json
-12.9939 -152.3695
Saved iss_data to iss_data.json
-11.8469 -151.4997
Saved iss_data to iss_data.json
-10.6715 -150.6192
Saved iss_data to iss_data.json
-9.5182 -149.7647
Saved iss_data to iss_data.json
-8.3372 -148.8984
Saved iss_data to iss_data.json
-7.1535 -148.0376
Saved iss_data to iss_data.json
-5.9933 -147.2
Saved iss_data to iss_data.json
-4.8062 -146.3484
Saved iss_data to iss_data.json
-3.5925 -145.482
Saved iss_data to iss_data.json
-2.3777 -144.6181
Saved iss_data to iss_data.json
-1.1621 -143.7558
Saved iss_data to iss_data.json
0.0539 -142.8943
Saved iss_data to iss_data.json
1.27 -142.0328
Saved iss_data to iss_data.json
2.4857 -141.1703
Saved iss_data to iss_data.json
3.7261 -140.2879
Saved iss_data to iss_data.json
4.9654 -139.4027
Saved iss_data to iss_data.json
6.2286 -138.4955
Saved iss_data to iss_data.json
7.4899 -137.5834
Saved iss_data to iss_data.json
8.7489 -136.6654
Saved iss_data to iss_data.json
9.98 -135.759
Saved iss_data to iss_data.json
11.2331 -134.8261
Saved iss_data to iss_data.json
12.4827 -133.8841
Saved iss_data to iss_data.json
13.7532 -132.9127
Saved iss_data to iss_data.json
14.9943 -131.9489
Saved iss_data to iss_data.json
16.2302 -130.9726
Saved iss_data to iss_data.json
17.4853 -129.9626
Saved iss_data to iss_data.json
18.6855 -128.9775
Saved iss_data to iss_data.json
19.9277 -127.9358
Saved iss_data to iss_data.json
21.1867 -126.8548
Saved iss_data to iss_data.json
22.4133 -125.7747
Saved iss_data to iss_data.json
23.6311 -124.6734
Saved iss_data to iss_data.json
24.863 -123.5272
Saved iss_data to iss_data.json
26.0843 -122.3557
Saved iss_data to iss_data.json
27.2478 -121.2039
Saved iss_data to iss_data.json
28.4457 -119.9778
Saved iss_data to iss_data.json
29.6528 -118.6969
Saved iss_data to iss_data.json
30.8453 -117.3821
Saved iss_data to iss_data.json
32.0217 -116.0315
Saved iss_data to iss_data.json
33.2244 -114.59
Saved iss_data to iss_data.json
34.3645 -113.16
Saved iss_data to iss_data.json
35.5057 -111.6596
Saved iss_data to iss_data.json
36.6044 -110.1421
Saved iss_data to iss_data.json
37.7205 -108.5177
Saved iss_data to iss_data.json
38.8104 -106.8404
Saved iss_data to iss_data.json
39.8528 -105.1404
Saved iss_data to iss_data.json
40.8847 -103.352
Saved iss_data to iss_data.json
41.8843 -101.5041
Saved iss_data to iss_data.json
42.8665 -99.5596
Saved iss_data to iss_data.json
43.7777 -97.6223
Saved iss_data to iss_data.json
44.6668 -95.5852
Saved iss_data to iss_data.json
45.5142 -93.4826
Saved iss_data to iss_data.json
46.3317 -91.2738
Saved iss_data to iss_data.json
47.1137 -88.9549
Saved iss_data to iss_data.json
47.8302 -86.6084
Saved iss_data to iss_data.json
48.5038 -84.1516
Saved iss_data to iss_data.json
49.1184 -81.6284
Saved iss_data to iss_data.json
49.6528 -79.1338
Saved iss_data to iss_data.json
50.1595 -76.3969
Saved iss_data to iss_data.json
50.5808 -73.6983
Saved iss_data to iss_data.json
50.9274 -71.0016
Saved iss_data to iss_data.json
51.2096 -68.2177
Saved iss_data to iss_data.json
51.4191 -65.4027
Saved iss_data to iss_data.json
51.5547 -62.5651
Saved iss_data to iss_data.json
51.6151 -59.7648
Saved iss_data to iss_data.json
51.5984 -56.7109
Saved iss_data to iss_data.json
51.4958 -53.6652
Saved iss_data to iss_data.json
51.3154 -50.7385
Saved iss_data to iss_data.json
51.036 -47.6454
Saved iss_data to iss_data.json
50.6884 -44.741
Saved iss_data to iss_data.json
50.2557 -41.8388
Saved iss_data to iss_data.json
49.7634 -39.0881
Saved iss_data to iss_data.json
49.2317 -36.5343
Saved iss_data to iss_data.json
48.6175 -33.9524
Saved iss_data to iss_data.json
47.9293 -31.3962
Saved iss_data to iss_data.json
47.1671 -28.8719
Saved iss_data to iss_data.json
46.3597 -26.4656
Saved iss_data to iss_data.json
45.498 -24.1352
Saved iss_data to iss_data.json
44.5695 -21.8436
Saved iss_data to iss_data.json
43.5915 -19.6297
Saved iss_data to iss_data.json
42.5847 -17.5274
Saved iss_data to iss_data.json
41.4998 -15.4296
Saved iss_data to iss_data.json
40.3546 -13.3741
Saved iss_data to iss_data.json
39.1696 -11.393
Saved iss_data to iss_data.json
37.9479 -9.4829
Saved iss_data to iss_data.json
36.6918 -7.6404
Saved iss_data to iss_data.json
35.3834 -5.8341
Saved iss_data to iss_data.json
34.0663 -4.1176
Saved iss_data to iss_data.json
32.7224 -2.4581
Saved iss_data to iss_data.json
31.3317 -0.827
Saved iss_data to iss_data.json
29.9175 0.7524
Saved iss_data to iss_data.json
28.4588 2.3073
Saved iss_data to iss_data.json
26.9798 3.8159
Saved iss_data to iss_data.json
18.7019 11.3089
Saved iss_data to iss_data.json
17.0311 12.6758
Saved iss_data to iss_data.json
8.3625 19.2951
Saved iss_data to iss_data.json
1.2686 24.3824
Saved iss_data to iss_data.json
-3.9358 28.0765
Saved iss_data to iss_data.json
-5.5829 29.2552
Saved iss_data to iss_data.json
-7.2268 30.4412
Saved iss_data to iss_data.json
-8.8666 31.6366
Saved iss_data to iss_data.json
-11.9807 33.9521
Saved iss_data to iss_data.json
-26.9785 46.7434
Saved iss_data to iss_data.json
-34.8583 55.6971
Saved iss_data to iss_data.json
-36.1961 57.5019
Saved iss_data to iss_data.json
-37.582 59.4924
Saved iss_data to iss_data.json
-39.3349 62.2187
Saved iss_data to iss_data.json
-40.6415 64.4323
Saved iss_data to iss_data.json
-48.072 82.4559
Saved iss_data to iss_data.json
-48.8319 85.37
Saved iss_data to iss_data.json
-49.5557 88.6004
Saved iss_data to iss_data.json
Traceback (most recent call last):
  File "/opt/homebrew/anaconda3/lib/python3.10/site-packages/urllib3/connection.py", line 174, in _new_conn
    conn = connection.create_connection(
  File "/opt/homebrew/anaconda3/lib/python3.10/site-packages/urllib3/util/connection.py", line 95, in create_connection
    raise err
  File "/opt/homebrew/anaconda3/lib/python3.10/site-packages/urllib3/util/connection.py", line 85, in create_connection
    sock.connect(sa)
OSError: [Errno 51] Network is unreachable

During handling of the above exception, another exception occurred:

Traceback (most recent call last):
  File "/opt/homebrew/anaconda3/lib/python3.10/site-packages/urllib3/connectionpool.py", line 703, in urlopen
    httplib_response = self._make_request(
  File "/opt/homebrew/anaconda3/lib/python3.10/site-packages/urllib3/connectionpool.py", line 398, in _make_request
    conn.request(method, url, **httplib_request_kw)
  File "/opt/homebrew/anaconda3/lib/python3.10/site-packages/urllib3/connection.py", line 239, in request
    super(HTTPConnection, self).request(method, url, body=body, headers=headers)
  File "/opt/homebrew/anaconda3/lib/python3.10/http/client.py", line 1282, in request
    self._send_request(method, url, body, headers, encode_chunked)
  File "/opt/homebrew/anaconda3/lib/python3.10/http/client.py", line 1328, in _send_request
    self.endheaders(body, encode_chunked=encode_chunked)
  File "/opt/homebrew/anaconda3/lib/python3.10/http/client.py", line 1277, in endheaders
    self._send_output(message_body, encode_chunked=encode_chunked)
  File "/opt/homebrew/anaconda3/lib/python3.10/http/client.py", line 1037, in _send_output
    self.send(msg)
  File "/opt/homebrew/anaconda3/lib/python3.10/http/client.py", line 975, in send
    self.connect()
  File "/opt/homebrew/anaconda3/lib/python3.10/site-packages/urllib3/connection.py", line 205, in connect
    conn = self._new_conn()
  File "/opt/homebrew/anaconda3/lib/python3.10/site-packages/urllib3/connection.py", line 186, in _new_conn
    raise NewConnectionError(
urllib3.exceptions.NewConnectionError: <urllib3.connection.HTTPConnection object at 0x13adfd2a0>: Failed to establish a new connection: [Errno 51] Network is unreachable

During handling of the above exception, another exception occurred:

Traceback (most recent call last):
  File "/opt/homebrew/anaconda3/lib/python3.10/site-packages/requests/adapters.py", line 489, in send
    resp = conn.urlopen(
  File "/opt/homebrew/anaconda3/lib/python3.10/site-packages/urllib3/connectionpool.py", line 787, in urlopen
    retries = retries.increment(
  File "/opt/homebrew/anaconda3/lib/python3.10/site-packages/urllib3/util/retry.py", line 592, in increment
    raise MaxRetryError(_pool, url, error or ResponseError(cause))
urllib3.exceptions.MaxRetryError: HTTPConnectionPool(host='api.open-notify.org', port=80): Max retries exceeded with url: /iss-now.json (Caused by NewConnectionError('<urllib3.connection.HTTPConnection object at 0x13adfd2a0>: Failed to establish a new connection: [Errno 51] Network is unreachable'))

During handling of the above exception, another exception occurred:

Traceback (most recent call last):
  File "/Users/ashar/Documents/iss/./iss.py", line 50, in <module>
    print(iss_data)
  File "/opt/homebrew/anaconda3/lib/python3.10/site-packages/requests/api.py", line 73, in get
    return request("get", url, params=params, **kwargs)
  File "/opt/homebrew/anaconda3/lib/python3.10/site-packages/requests/api.py", line 59, in request
    return session.request(method=method, url=url, **kwargs)
  File "/opt/homebrew/anaconda3/lib/python3.10/site-packages/requests/sessions.py", line 587, in request
    resp = self.send(prep, **send_kwargs)
  File "/opt/homebrew/anaconda3/lib/python3.10/site-packages/requests/sessions.py", line 701, in send
    r = adapter.send(request, **kwargs)
  File "/opt/homebrew/anaconda3/lib/python3.10/site-packages/requests/adapters.py", line 565, in send
    raise ConnectionError(e, request=request)
requests.exceptions.ConnectionError: HTTPConnectionPool(host='api.open-notify.org', port=80): Max retries exceeded with url: /iss-now.json (Caused by NewConnectionError('<urllib3.connection.HTTPConnection object at 0x13adfd2a0>: Failed to establish a new connection: [Errno 51] Network is unreachable'))
